ca65 V2.18 - Ubuntu 2.18-1
Main file   : game.s
Current file: game.s

000000r 1               ;
000000r 1               ; File generated by cc65 v 2.18 - Ubuntu 2.18-1
000000r 1               ;
000000r 1               	.fopt		compiler,"cc65 v 2.18 - Ubuntu 2.18-1"
000000r 1               	.setcpu		"6502"
000000r 1               	.smart		on
000000r 1               	.autoimport	on
000000r 1               	.case		on
000000r 1               	.debuginfo	off
000000r 1               	.importzp	sp, sreg, regsave, regbank
000000r 1               	.importzp	tmp1, tmp2, tmp3, tmp4, ptr1, ptr2, ptr3, ptr4
000000r 1               	.macpack	longbranch
000000r 2               .macro  jeq     Target
000000r 2                       .if     .match(Target, 0)
000000r 2                       bne     *+5
000000r 2                       jmp     Target
000000r 2                       .elseif .def(Target) .and .const((*-2)-(Target)) .and ((*+2)-(Target) <= 127)
000000r 2                               beq     Target
000000r 2                       .else
000000r 2                               bne     *+5
000000r 2                               jmp     Target
000000r 2                       .endif
000000r 2               .endmacro
000000r 2               .macro  jne     Target
000000r 2                       .if     .match(Target, 0)
000000r 2                               beq     *+5
000000r 2                               jmp     Target
000000r 2                       .elseif .def(Target) .and .const((*-2)-(Target)) .and ((*+2)-(Target) <= 127)
000000r 2                               bne     Target
000000r 2                       .else
000000r 2                               beq     *+5
000000r 2                               jmp     Target
000000r 2                       .endif
000000r 2               .endmacro
000000r 2               .macro  jmi     Target
000000r 2                       .if     .match(Target, 0)
000000r 2                               bpl     *+5
000000r 2                               jmp     Target
000000r 2                       .elseif .def(Target) .and .const((*-2)-(Target)) .and ((*+2)-(Target) <= 127)
000000r 2                               bmi     Target
000000r 2                       .else
000000r 2                               bpl     *+5
000000r 2                               jmp     Target
000000r 2                       .endif
000000r 2               .endmacro
000000r 2               .macro  jpl     Target
000000r 2                       .if     .match(Target, 0)
000000r 2                               bmi     *+5
000000r 2                               jmp     Target
000000r 2                       .elseif .def(Target) .and .const((*-2)-(Target)) .and ((*+2)-(Target) <= 127)
000000r 2                               bpl     Target
000000r 2                       .else
000000r 2                               bmi     *+5
000000r 2                               jmp     Target
000000r 2                       .endif
000000r 2               .endmacro
000000r 2               .macro  jcs     Target
000000r 2                       .if     .match(Target, 0)
000000r 2                               bcc     *+5
000000r 2                               jmp     Target
000000r 2                       .elseif .def(Target) .and .const((*-2)-(Target)) .and ((*+2)-(Target) <= 127)
000000r 2                               bcs     Target
000000r 2                       .else
000000r 2                               bcc     *+5
000000r 2                               jmp     Target
000000r 2                       .endif
000000r 2               .endmacro
000000r 2               .macro  jcc     Target
000000r 2                       .if     .match(Target, 0)
000000r 2                               bcs     *+5
000000r 2                               jmp     Target
000000r 2                       .elseif .def(Target) .and .const((*-2)-(Target)) .and ((*+2)-(Target) <= 127)
000000r 2                               bcc     Target
000000r 2                       .else
000000r 2                               bcs     *+5
000000r 2                               jmp     Target
000000r 2                       .endif
000000r 2               .endmacro
000000r 2               .macro  jvs     Target
000000r 2                       .if     .match(Target, 0)
000000r 2                               bvc     *+5
000000r 2                               jmp     Target
000000r 2                       .elseif .def(Target) .and .const((*-2)-(Target)) .and ((*+2)-(Target) <= 127)
000000r 2                               bvs     Target
000000r 2                       .else
000000r 2                               bvc     *+5
000000r 2                               jmp     Target
000000r 2                       .endif
000000r 2               .endmacro
000000r 2               .macro  jvc     Target
000000r 2                       .if     .match(Target, 0)
000000r 2                               bvs     *+5
000000r 2                               jmp     Target
000000r 2                       .elseif .def(Target) .and .const((*-2)-(Target)) .and ((*+2)-(Target) <= 127)
000000r 2                               bvc     Target
000000r 2                       .else
000000r 2                               bvs     *+5
000000r 2                               jmp     Target
000000r 2                       .endif
000000r 2               .endmacro
000000r 2               
000000r 1               	.forceimport	__STARTUP__
000000r 1               	.import		_printf
000000r 1               	.export		_start_benchmark
000000r 1               	.export		_ticks
000000r 1               	.export		_end_benchmark
000000r 1               	.export		_screen_ptr
000000r 1               	.export		_game_state
000000r 1               	.export		_place_enemy_index
000000r 1               	.export		_place_enemy
000000r 1               	.export		_set_entities
000000r 1               	.export		_get_entity_tile
000000r 1               	.export		_draw_entity_index
000000r 1               	.export		_draw_entity
000000r 1               	.export		_damage_enemy_index
000000r 1               	.export		_damage_enemy
000000r 1               	.export		_one_frame
000000r 1               	.export		_main
000000r 1               
000000r 1               .segment	"RODATA"
000000r 1               
000000r 1               L0042:
000000r 1  25 75 20 74  	.byte	$25,$75,$20,$74,$69,$63,$6B,$73,$00
000004r 1  69 63 6B 73  
000008r 1  00           
000009r 1               
000009r 1               .segment	"BSS"
000000r 1               
000000r 1               _ticks:
000000r 1  00 00        	.res	2,$00
000002r 1               _screen_ptr:
000002r 1  00 00        	.res	2,$00
000004r 1               _game_state:
000004r 1  00 00 00 00  	.res	125,$00
000008r 1  00 00 00 00  
00000Cr 1  00 00 00 00  
000081r 1               _place_enemy_index:
000081r 1  00           	.res	1,$00
000082r 1               _draw_entity_index:
000082r 1  00           	.res	1,$00
000083r 1               _damage_enemy_index:
000083r 1  00           	.res	1,$00
000084r 1               
000084r 1               ; ---------------------------------------------------------------
000084r 1               ; void __near__ start_benchmark (void)
000084r 1               ; ---------------------------------------------------------------
000084r 1               
000084r 1               .segment	"CODE"
000000r 1               
000000r 1               .proc	_start_benchmark: near
000000r 1               
000000r 1               .segment	"CODE"
000000r 1               
000000r 1               ;
000000r 1               ; asm("SEI");
000000r 1               ;
000000r 1  78           	sei
000001r 1               ;
000001r 1               ; asm("lda $14");
000001r 1               ;
000001r 1  A5 14        	lda     $14
000003r 1               ;
000003r 1               ; asm("cmp $14");
000003r 1               ;
000003r 1  C5 14        L0025:	cmp     $14
000005r 1               ;
000005r 1               ; asm("beq %g", wvb);
000005r 1               ;
000005r 1  F0 FC        	beq     L0025
000007r 1               ;
000007r 1               ; asm("lda #0");
000007r 1               ;
000007r 1  A9 00        	lda     #0
000009r 1               ;
000009r 1               ; asm("sta $13");
000009r 1               ;
000009r 1  85 13        	sta     $13
00000Br 1               ;
00000Br 1               ; asm("sta $14");
00000Br 1               ;
00000Br 1  85 14        	sta     $14
00000Dr 1               ;
00000Dr 1               ; asm("CLI");
00000Dr 1               ;
00000Dr 1  58           	cli
00000Er 1               ;
00000Er 1               ; }
00000Er 1               ;
00000Er 1  60           	rts
00000Fr 1               
00000Fr 1               .endproc
00000Fr 1               
00000Fr 1               ; ---------------------------------------------------------------
00000Fr 1               ; void __near__ end_benchmark (void)
00000Fr 1               ; ---------------------------------------------------------------
00000Fr 1               
00000Fr 1               .segment	"CODE"
00000Fr 1               
00000Fr 1               .proc	_end_benchmark: near
00000Fr 1               
00000Fr 1               .segment	"CODE"
00000Fr 1               
00000Fr 1               ;
00000Fr 1               ; asm("SEI");
00000Fr 1               ;
00000Fr 1  78           	sei
000010r 1               ;
000010r 1               ; asm("lda $14");
000010r 1               ;
000010r 1  A5 14        	lda     $14
000012r 1               ;
000012r 1               ; asm("sta %v", ticks);
000012r 1               ;
000012r 1  8D rr rr     	sta     _ticks
000015r 1               ;
000015r 1               ; asm("lda $13");
000015r 1               ;
000015r 1  A5 13        	lda     $13
000017r 1               ;
000017r 1               ; asm("sta %v+1", ticks);
000017r 1               ;
000017r 1  8D rr rr     	sta     _ticks+1
00001Ar 1               ;
00001Ar 1               ; asm("CLI");
00001Ar 1               ;
00001Ar 1  58           	cli
00001Br 1               ;
00001Br 1               ; printf("%u ticks", ticks);
00001Br 1               ;
00001Br 1  A9 rr        	lda     #<(L0042)
00001Dr 1  A2 rr        	ldx     #>(L0042)
00001Fr 1  20 rr rr     	jsr     pushax
000022r 1  AD rr rr     	lda     _ticks
000025r 1  AE rr rr     	ldx     _ticks+1
000028r 1  20 rr rr     	jsr     pushax
00002Br 1  A0 04        	ldy     #$04
00002Dr 1  4C rr rr     	jmp     _printf
000030r 1               
000030r 1               .endproc
000030r 1               
000030r 1               ; ---------------------------------------------------------------
000030r 1               ; void __near__ place_enemy (unsigned char, unsigned char)
000030r 1               ; ---------------------------------------------------------------
000030r 1               
000030r 1               .segment	"CODE"
000030r 1               
000030r 1               .proc	_place_enemy: near
000030r 1               
000030r 1               .segment	"CODE"
000030r 1               
000030r 1               ;
000030r 1               ; {
000030r 1               ;
000030r 1  20 rr rr     	jsr     pusha
000033r 1               ;
000033r 1               ; game_state.entities.x[place_enemy_index] = x;
000033r 1               ;
000033r 1  A0 01        	ldy     #$01
000035r 1  B1 rr        	lda     (sp),y
000037r 1  AC rr rr     	ldy     _place_enemy_index
00003Ar 1  99 rr rr     	sta     _game_state,y
00003Dr 1               ;
00003Dr 1               ; game_state.entities.y[place_enemy_index] = y;
00003Dr 1               ;
00003Dr 1  A0 00        	ldy     #$00
00003Fr 1  B1 rr        	lda     (sp),y
000041r 1  AC rr rr     	ldy     _place_enemy_index
000044r 1  99 rr rr     	sta     _game_state+31,y
000047r 1               ;
000047r 1               ; }
000047r 1               ;
000047r 1  4C rr rr     	jmp     incsp2
00004Ar 1               
00004Ar 1               .endproc
00004Ar 1               
00004Ar 1               ; ---------------------------------------------------------------
00004Ar 1               ; void __near__ set_entities (void)
00004Ar 1               ; ---------------------------------------------------------------
00004Ar 1               
00004Ar 1               .segment	"CODE"
00004Ar 1               
00004Ar 1               .proc	_set_entities: near
00004Ar 1               
00004Ar 1               .segment	"BSS"
000084r 1               
000084r 1               L0057:
000084r 1  00           	.res	1,$00
000085r 1               
000085r 1               .segment	"CODE"
00004Ar 1               
00004Ar 1               ;
00004Ar 1               ; for (index = 0; index < NO_ENEMIES; index++)
00004Ar 1               ;
00004Ar 1  A9 00        	lda     #$00
00004Cr 1  8D rr rr     	sta     L0057
00004Fr 1  AD rr rr     L00D2:	lda     L0057
000052r 1  C9 1E        	cmp     #$1E
000054r 1  B0 36        	bcs     L00D3
000056r 1               ;
000056r 1               ; place_enemy_index = index;
000056r 1               ;
000056r 1  8D rr rr     	sta     _place_enemy_index
000059r 1               ;
000059r 1               ; place_enemy((index*5) % SCREEN_SIZE_X, index / 2 + 9);
000059r 1               ;
000059r 1  A2 00        	ldx     #$00
00005Br 1  AD rr rr     	lda     L0057
00005Er 1  20 rr rr     	jsr     mulax5
000061r 1  20 rr rr     	jsr     pushax
000064r 1  A9 28        	lda     #$28
000066r 1  20 rr rr     	jsr     tosumoda0
000069r 1  20 rr rr     	jsr     pusha
00006Cr 1  AD rr rr     	lda     L0057
00006Fr 1  4A           	lsr     a
000070r 1  18           	clc
000071r 1  69 09        	adc     #$09
000073r 1  20 rr rr     	jsr     _place_enemy
000076r 1               ;
000076r 1               ; game_state.entities.hp[index] = 99;
000076r 1               ;
000076r 1  AC rr rr     	ldy     L0057
000079r 1  A9 63        	lda     #$63
00007Br 1  99 rr rr     	sta     _game_state+62,y
00007Er 1               ;
00007Er 1               ; game_state.entities.type[index] = ENTITY_ENEMY;
00007Er 1               ;
00007Er 1  AC rr rr     	ldy     L0057
000081r 1  A9 02        	lda     #$02
000083r 1  99 rr rr     	sta     _game_state+93,y
000086r 1               ;
000086r 1               ; for (index = 0; index < NO_ENEMIES; index++)
000086r 1               ;
000086r 1  EE rr rr     	inc     L0057
000089r 1  4C rr rr     	jmp     L00D2
00008Cr 1               ;
00008Cr 1               ; game_state.entities.hp[PLAYER_INDEX] = 99;
00008Cr 1               ;
00008Cr 1  A9 63        L00D3:	lda     #$63
00008Er 1  8D rr rr     	sta     _game_state+92
000091r 1               ;
000091r 1               ; game_state.entities.x[PLAYER_INDEX] = SCREEN_SIZE_X/2;
000091r 1               ;
000091r 1  A9 14        	lda     #$14
000093r 1  8D rr rr     	sta     _game_state+30
000096r 1               ;
000096r 1               ; game_state.entities.type[PLAYER_INDEX] = ENTITY_PLAYER;
000096r 1               ;
000096r 1  A9 01        	lda     #$01
000098r 1  8D rr rr     	sta     _game_state+123
00009Br 1               ;
00009Br 1               ; };
00009Br 1               ;
00009Br 1  60           	rts
00009Cr 1               
00009Cr 1               .endproc
00009Cr 1               
00009Cr 1               ; ---------------------------------------------------------------
00009Cr 1               ; unsigned char __near__ get_entity_tile (unsigned char)
00009Cr 1               ; ---------------------------------------------------------------
00009Cr 1               
00009Cr 1               .segment	"CODE"
00009Cr 1               
00009Cr 1               .proc	_get_entity_tile: near
00009Cr 1               
00009Cr 1               .segment	"CODE"
00009Cr 1               
00009Cr 1               ;
00009Cr 1               ; {
00009Cr 1               ;
00009Cr 1  20 rr rr     	jsr     pusha
00009Fr 1               ;
00009Fr 1               ; switch(type)
00009Fr 1               ;
00009Fr 1  A2 00        	ldx     #$00
0000A1r 1  A1 rr        	lda     (sp,x)
0000A3r 1               ;
0000A3r 1               ; }
0000A3r 1               ;
0000A3r 1  C9 01        	cmp     #$01
0000A5r 1  F0 07        	beq     L00D4
0000A7r 1  C9 02        	cmp     #$02
0000A9r 1  F0 08        	beq     L00D5
0000ABr 1  4C rr rr     	jmp     L00D6
0000AEr 1               ;
0000AEr 1               ; return 'p';
0000AEr 1               ;
0000AEr 1  A9 70        L00D4:	lda     #$70
0000B0r 1  4C rr rr     	jmp     incsp1
0000B3r 1               ;
0000B3r 1               ; return 'e';
0000B3r 1               ;
0000B3r 1  A9 65        L00D5:	lda     #$65
0000B5r 1  4C rr rr     	jmp     incsp1
0000B8r 1               ;
0000B8r 1               ; return 'x';
0000B8r 1               ;
0000B8r 1  A9 78        L00D6:	lda     #$78
0000BAr 1               ;
0000BAr 1               ; }
0000BAr 1               ;
0000BAr 1  4C rr rr     	jmp     incsp1
0000BDr 1               
0000BDr 1               .endproc
0000BDr 1               
0000BDr 1               ; ---------------------------------------------------------------
0000BDr 1               ; void __near__ draw_entity (void)
0000BDr 1               ; ---------------------------------------------------------------
0000BDr 1               
0000BDr 1               .segment	"CODE"
0000BDr 1               
0000BDr 1               .proc	_draw_entity: near
0000BDr 1               
0000BDr 1               .segment	"BSS"
000085r 1               
000085r 1               L0087:
000085r 1  00           	.res	1,$00
000086r 1               L0089:
000086r 1  00 00        	.res	2,$00
000088r 1               
000088r 1               .segment	"CODE"
0000BDr 1               
0000BDr 1               ;
0000BDr 1               ; const unsigned char FIRST_DIGIT_CHAR = 0x10;
0000BDr 1               ;
0000BDr 1  A9 10        	lda     #$10
0000BFr 1  8D rr rr     	sta     L0087
0000C2r 1               ;
0000C2r 1               ; unsigned char *draw_ptr = &screen_ptr[game_state.entities.y[draw_entity_index] * SCREEN_SIZE_X + game_state.entities.x[draw_entity_index]];
0000C2r 1               ;
0000C2r 1  AD rr rr     	lda     _screen_ptr
0000C5r 1  AE rr rr     	ldx     _screen_ptr+1
0000C8r 1  20 rr rr     	jsr     pushax
0000CBr 1  AC rr rr     	ldy     _draw_entity_index
0000CEr 1  B9 rr rr     	lda     _game_state+31,y
0000D1r 1  20 rr rr     	jsr     pusha0
0000D4r 1  A9 28        	lda     #$28
0000D6r 1  20 rr rr     	jsr     tosumula0
0000D9r 1  85 rr        	sta     ptr1
0000DBr 1  86 rr        	stx     ptr1+1
0000DDr 1  AC rr rr     	ldy     _draw_entity_index
0000E0r 1  B9 rr rr     	lda     _game_state,y
0000E3r 1  18           	clc
0000E4r 1  65 rr        	adc     ptr1
0000E6r 1  A6 rr        	ldx     ptr1+1
0000E8r 1  90 01        	bcc     L00D9
0000EAr 1  E8           	inx
0000EBr 1  20 rr rr     L00D9:	jsr     tosaddax
0000EEr 1  8D rr rr     	sta     L0089
0000F1r 1  8E rr rr     	stx     L0089+1
0000F4r 1               ;
0000F4r 1               ; *draw_ptr = get_entity_tile(game_state.entities.type[draw_entity_index]);
0000F4r 1               ;
0000F4r 1  20 rr rr     	jsr     pushax
0000F7r 1  AC rr rr     	ldy     _draw_entity_index
0000FAr 1  B9 rr rr     	lda     _game_state+93,y
0000FDr 1  20 rr rr     	jsr     _get_entity_tile
000100r 1  A0 00        	ldy     #$00
000102r 1  20 rr rr     	jsr     staspidx
000105r 1               ;
000105r 1               ; *(++draw_ptr) = game_state.entities.hp[draw_entity_index] / 10 + FIRST_DIGIT_CHAR;
000105r 1               ;
000105r 1  EE rr rr     	inc     L0089
000108r 1  D0 03        	bne     L0097
00010Ar 1  EE rr rr     	inc     L0089+1
00010Dr 1  AD rr rr     L0097:	lda     L0089
000110r 1  AE rr rr     	ldx     L0089+1
000113r 1  20 rr rr     	jsr     pushax
000116r 1  AC rr rr     	ldy     _draw_entity_index
000119r 1  B9 rr rr     	lda     _game_state+62,y
00011Cr 1  20 rr rr     	jsr     pusha0
00011Fr 1  A9 0A        	lda     #$0A
000121r 1  20 rr rr     	jsr     tosudiva0
000124r 1  18           	clc
000125r 1  6D rr rr     	adc     L0087
000128r 1  A0 00        	ldy     #$00
00012Ar 1  20 rr rr     	jsr     staspidx
00012Dr 1               ;
00012Dr 1               ; *(++draw_ptr) = game_state.entities.hp[draw_entity_index] % 10 + FIRST_DIGIT_CHAR;
00012Dr 1               ;
00012Dr 1  EE rr rr     	inc     L0089
000130r 1  D0 03        	bne     L009D
000132r 1  EE rr rr     	inc     L0089+1
000135r 1  AD rr rr     L009D:	lda     L0089
000138r 1  AE rr rr     	ldx     L0089+1
00013Br 1  20 rr rr     	jsr     pushax
00013Er 1  AC rr rr     	ldy     _draw_entity_index
000141r 1  B9 rr rr     	lda     _game_state+62,y
000144r 1  20 rr rr     	jsr     pusha0
000147r 1  A9 0A        	lda     #$0A
000149r 1  20 rr rr     	jsr     tosumoda0
00014Cr 1  18           	clc
00014Dr 1  6D rr rr     	adc     L0087
000150r 1  A0 00        	ldy     #$00
000152r 1  4C rr rr     	jmp     staspidx
000155r 1               
000155r 1               .endproc
000155r 1               
000155r 1               ; ---------------------------------------------------------------
000155r 1               ; void __near__ damage_enemy (void)
000155r 1               ; ---------------------------------------------------------------
000155r 1               
000155r 1               .segment	"CODE"
000155r 1               
000155r 1               .proc	_damage_enemy: near
000155r 1               
000155r 1               .segment	"CODE"
000155r 1               
000155r 1               ;
000155r 1               ; if (game_state.entities.hp[damage_enemy_index] > 0)
000155r 1               ;
000155r 1  AC rr rr     	ldy     _damage_enemy_index
000158r 1  B9 rr rr     	lda     _game_state+62,y
00015Br 1  F0 1C        	beq     L00A2
00015Dr 1               ;
00015Dr 1               ; game_state.entities.hp[damage_enemy_index]--;
00015Dr 1               ;
00015Dr 1  A9 rr        	lda     #<(_game_state+62)
00015Fr 1  A2 rr        	ldx     #>(_game_state+62)
000161r 1  18           	clc
000162r 1  6D rr rr     	adc     _damage_enemy_index
000165r 1  90 01        	bcc     L00A8
000167r 1  E8           	inx
000168r 1  20 rr rr     L00A8:	jsr     pushax
00016Br 1  85 rr        	sta     ptr1
00016Dr 1  86 rr        	stx     ptr1+1
00016Fr 1  A0 00        	ldy     #$00
000171r 1  B1 rr        	lda     (ptr1),y
000173r 1  38           	sec
000174r 1  E9 01        	sbc     #$01
000176r 1  4C rr rr     	jmp     staspidx
000179r 1               ;
000179r 1               ; }
000179r 1               ;
000179r 1  60           L00A2:	rts
00017Ar 1               
00017Ar 1               .endproc
00017Ar 1               
00017Ar 1               ; ---------------------------------------------------------------
00017Ar 1               ; void __near__ one_frame (void)
00017Ar 1               ; ---------------------------------------------------------------
00017Ar 1               
00017Ar 1               .segment	"CODE"
00017Ar 1               
00017Ar 1               .proc	_one_frame: near
00017Ar 1               
00017Ar 1               .segment	"BSS"
000088r 1               
000088r 1               L00AA:
000088r 1  00           	.res	1,$00
000089r 1               
000089r 1               .segment	"CODE"
00017Ar 1               
00017Ar 1               ;
00017Ar 1               ; for (index = 0; index < NO_ENEMIES; index++)
00017Ar 1               ;
00017Ar 1  A9 00        	lda     #$00
00017Cr 1  8D rr rr     	sta     L00AA
00017Fr 1  AD rr rr     L00DA:	lda     L00AA
000182r 1  C9 1E        	cmp     #$1E
000184r 1  B0 15        	bcs     L00DB
000186r 1               ;
000186r 1               ; damage_enemy_index = index;
000186r 1               ;
000186r 1  8D rr rr     	sta     _damage_enemy_index
000189r 1               ;
000189r 1               ; damage_enemy();
000189r 1               ;
000189r 1  20 rr rr     	jsr     _damage_enemy
00018Cr 1               ;
00018Cr 1               ; draw_entity_index = index;
00018Cr 1               ;
00018Cr 1  AD rr rr     	lda     L00AA
00018Fr 1  8D rr rr     	sta     _draw_entity_index
000192r 1               ;
000192r 1               ; draw_entity();
000192r 1               ;
000192r 1  20 rr rr     	jsr     _draw_entity
000195r 1               ;
000195r 1               ; for (index = 0; index < NO_ENEMIES; index++)
000195r 1               ;
000195r 1  EE rr rr     	inc     L00AA
000198r 1  4C rr rr     	jmp     L00DA
00019Br 1               ;
00019Br 1               ; draw_entity_index = PLAYER_INDEX;
00019Br 1               ;
00019Br 1  A9 1E        L00DB:	lda     #$1E
00019Dr 1  8D rr rr     	sta     _draw_entity_index
0001A0r 1               ;
0001A0r 1               ; draw_entity();
0001A0r 1               ;
0001A0r 1  4C rr rr     	jmp     _draw_entity
0001A3r 1               
0001A3r 1               .endproc
0001A3r 1               
0001A3r 1               ; ---------------------------------------------------------------
0001A3r 1               ; void __near__ main (void)
0001A3r 1               ; ---------------------------------------------------------------
0001A3r 1               
0001A3r 1               .segment	"CODE"
0001A3r 1               
0001A3r 1               .proc	_main: near
0001A3r 1               
0001A3r 1               .segment	"BSS"
000089r 1               
000089r 1               L00BE:
000089r 1  00           	.res	1,$00
00008Ar 1               
00008Ar 1               .segment	"CODE"
0001A3r 1               
0001A3r 1               ;
0001A3r 1               ; screen_ptr = OS.savmsc;
0001A3r 1               ;
0001A3r 1  A5 59        	lda     $0058+1
0001A5r 1  8D rr rr     	sta     _screen_ptr+1
0001A8r 1  A5 58        	lda     $0058
0001AAr 1  8D rr rr     	sta     _screen_ptr
0001ADr 1               ;
0001ADr 1               ; set_entities();
0001ADr 1               ;
0001ADr 1  20 rr rr     	jsr     _set_entities
0001B0r 1               ;
0001B0r 1               ; start_benchmark();
0001B0r 1               ;
0001B0r 1  20 rr rr     	jsr     _start_benchmark
0001B3r 1               ;
0001B3r 1               ; for (times = 0; times < 100; ++times)
0001B3r 1               ;
0001B3r 1  A9 00        	lda     #$00
0001B5r 1  8D rr rr     	sta     L00BE
0001B8r 1  AD rr rr     L00DD:	lda     L00BE
0001BBr 1  C9 64        	cmp     #$64
0001BDr 1  B0 09        	bcs     L00C5
0001BFr 1               ;
0001BFr 1               ; one_frame();
0001BFr 1               ;
0001BFr 1  20 rr rr     	jsr     _one_frame
0001C2r 1               ;
0001C2r 1               ; for (times = 0; times < 100; ++times)
0001C2r 1               ;
0001C2r 1  EE rr rr     	inc     L00BE
0001C5r 1  4C rr rr     	jmp     L00DD
0001C8r 1               ;
0001C8r 1               ; end_benchmark();
0001C8r 1               ;
0001C8r 1  20 rr rr     L00C5:	jsr     _end_benchmark
0001CBr 1               ;
0001CBr 1               ; for(;;);
0001CBr 1               ;
0001CBr 1  4C rr rr     L00D0:	jmp     L00D0
0001CEr 1               
0001CEr 1               .endproc
0001CEr 1               
0001CEr 1               
