ca65 V2.18 - Ubuntu 2.18-1
Main file   : game.s
Current file: game.s

000000r 1               ;
000000r 1               ; File generated by cc65 v 2.18 - Ubuntu 2.18-1
000000r 1               ;
000000r 1               	.fopt		compiler,"cc65 v 2.18 - Ubuntu 2.18-1"
000000r 1               	.setcpu		"6502"
000000r 1               	.smart		on
000000r 1               	.autoimport	on
000000r 1               	.case		on
000000r 1               	.debuginfo	off
000000r 1               	.importzp	sp, sreg, regsave, regbank
000000r 1               	.importzp	tmp1, tmp2, tmp3, tmp4, ptr1, ptr2, ptr3, ptr4
000000r 1               	.macpack	longbranch
000000r 2               .macro  jeq     Target
000000r 2                       .if     .match(Target, 0)
000000r 2                       bne     *+5
000000r 2                       jmp     Target
000000r 2                       .elseif .def(Target) .and .const((*-2)-(Target)) .and ((*+2)-(Target) <= 127)
000000r 2                               beq     Target
000000r 2                       .else
000000r 2                               bne     *+5
000000r 2                               jmp     Target
000000r 2                       .endif
000000r 2               .endmacro
000000r 2               .macro  jne     Target
000000r 2                       .if     .match(Target, 0)
000000r 2                               beq     *+5
000000r 2                               jmp     Target
000000r 2                       .elseif .def(Target) .and .const((*-2)-(Target)) .and ((*+2)-(Target) <= 127)
000000r 2                               bne     Target
000000r 2                       .else
000000r 2                               beq     *+5
000000r 2                               jmp     Target
000000r 2                       .endif
000000r 2               .endmacro
000000r 2               .macro  jmi     Target
000000r 2                       .if     .match(Target, 0)
000000r 2                               bpl     *+5
000000r 2                               jmp     Target
000000r 2                       .elseif .def(Target) .and .const((*-2)-(Target)) .and ((*+2)-(Target) <= 127)
000000r 2                               bmi     Target
000000r 2                       .else
000000r 2                               bpl     *+5
000000r 2                               jmp     Target
000000r 2                       .endif
000000r 2               .endmacro
000000r 2               .macro  jpl     Target
000000r 2                       .if     .match(Target, 0)
000000r 2                               bmi     *+5
000000r 2                               jmp     Target
000000r 2                       .elseif .def(Target) .and .const((*-2)-(Target)) .and ((*+2)-(Target) <= 127)
000000r 2                               bpl     Target
000000r 2                       .else
000000r 2                               bmi     *+5
000000r 2                               jmp     Target
000000r 2                       .endif
000000r 2               .endmacro
000000r 2               .macro  jcs     Target
000000r 2                       .if     .match(Target, 0)
000000r 2                               bcc     *+5
000000r 2                               jmp     Target
000000r 2                       .elseif .def(Target) .and .const((*-2)-(Target)) .and ((*+2)-(Target) <= 127)
000000r 2                               bcs     Target
000000r 2                       .else
000000r 2                               bcc     *+5
000000r 2                               jmp     Target
000000r 2                       .endif
000000r 2               .endmacro
000000r 2               .macro  jcc     Target
000000r 2                       .if     .match(Target, 0)
000000r 2                               bcs     *+5
000000r 2                               jmp     Target
000000r 2                       .elseif .def(Target) .and .const((*-2)-(Target)) .and ((*+2)-(Target) <= 127)
000000r 2                               bcc     Target
000000r 2                       .else
000000r 2                               bcs     *+5
000000r 2                               jmp     Target
000000r 2                       .endif
000000r 2               .endmacro
000000r 2               .macro  jvs     Target
000000r 2                       .if     .match(Target, 0)
000000r 2                               bvc     *+5
000000r 2                               jmp     Target
000000r 2                       .elseif .def(Target) .and .const((*-2)-(Target)) .and ((*+2)-(Target) <= 127)
000000r 2                               bvs     Target
000000r 2                       .else
000000r 2                               bvc     *+5
000000r 2                               jmp     Target
000000r 2                       .endif
000000r 2               .endmacro
000000r 2               .macro  jvc     Target
000000r 2                       .if     .match(Target, 0)
000000r 2                               bvs     *+5
000000r 2                               jmp     Target
000000r 2                       .elseif .def(Target) .and .const((*-2)-(Target)) .and ((*+2)-(Target) <= 127)
000000r 2                               bvc     Target
000000r 2                       .else
000000r 2                               bvs     *+5
000000r 2                               jmp     Target
000000r 2                       .endif
000000r 2               .endmacro
000000r 2               
000000r 1               	.forceimport	__STARTUP__
000000r 1               	.import		_printf
000000r 1               	.export		_start_benchmark
000000r 1               	.export		_ticks
000000r 1               	.export		_end_benchmark
000000r 1               	.exportzp	_index1
000000r 1               	.export		_screen_ptr
000000r 1               	.export		_game_state
000000r 1               	.export		_place_enemy
000000r 1               	.export		_set_entities
000000r 1               	.export		_get_entity_tile
000000r 1               	.export		_draw_entity
000000r 1               	.export		_damage_enemy
000000r 1               	.export		_one_frame
000000r 1               	.export		_main
000000r 1               
000000r 1               .segment	"DATA"
000000r 1               
000000r 1               .segment	"ZEROPAGE"
000000r 1               .segment	"DATA"
000000r 1               
000000r 1               .segment	"RODATA"
000000r 1               
000000r 1               L0042:
000000r 1  25 75 20 74  	.byte	$25,$75,$20,$74,$69,$63,$6B,$73,$00
000004r 1  69 63 6B 73  
000008r 1  00           
000009r 1               
000009r 1               .segment	"BSS"
000000r 1               
000000r 1               _ticks:
000000r 1  00 00        	.res	2,$00
000002r 1               .segment	"ZEROPAGE"
000000r 1               _index1:
000000r 1  00           	.res	1,$00
000001r 1               .segment	"BSS"
000002r 1               _screen_ptr:
000002r 1  00 00        	.res	2,$00
000004r 1               _game_state:
000004r 1  00 00 00 00  	.res	125,$00
000008r 1  00 00 00 00  
00000Cr 1  00 00 00 00  
000081r 1               
000081r 1               ; ---------------------------------------------------------------
000081r 1               ; void __near__ start_benchmark (void)
000081r 1               ; ---------------------------------------------------------------
000081r 1               
000081r 1               .segment	"CODE"
000000r 1               
000000r 1               .proc	_start_benchmark: near
000000r 1               
000000r 1               .segment	"CODE"
000000r 1               
000000r 1               ;
000000r 1               ; asm("SEI");
000000r 1               ;
000000r 1  78           	sei
000001r 1               ;
000001r 1               ; asm("lda $14");
000001r 1               ;
000001r 1  A5 14        	lda     $14
000003r 1               ;
000003r 1               ; asm("cmp $14");
000003r 1               ;
000003r 1  C5 14        L0025:	cmp     $14
000005r 1               ;
000005r 1               ; asm("beq %g", wvb);
000005r 1               ;
000005r 1  F0 FC        	beq     L0025
000007r 1               ;
000007r 1               ; asm("lda #0");
000007r 1               ;
000007r 1  A9 00        	lda     #0
000009r 1               ;
000009r 1               ; asm("sta $13");
000009r 1               ;
000009r 1  85 13        	sta     $13
00000Br 1               ;
00000Br 1               ; asm("sta $14");
00000Br 1               ;
00000Br 1  85 14        	sta     $14
00000Dr 1               ;
00000Dr 1               ; asm("CLI");
00000Dr 1               ;
00000Dr 1  58           	cli
00000Er 1               ;
00000Er 1               ; }
00000Er 1               ;
00000Er 1  60           	rts
00000Fr 1               
00000Fr 1               .endproc
00000Fr 1               
00000Fr 1               ; ---------------------------------------------------------------
00000Fr 1               ; void __near__ end_benchmark (void)
00000Fr 1               ; ---------------------------------------------------------------
00000Fr 1               
00000Fr 1               .segment	"CODE"
00000Fr 1               
00000Fr 1               .proc	_end_benchmark: near
00000Fr 1               
00000Fr 1               .segment	"CODE"
00000Fr 1               
00000Fr 1               ;
00000Fr 1               ; asm("SEI");
00000Fr 1               ;
00000Fr 1  78           	sei
000010r 1               ;
000010r 1               ; asm("lda $14");
000010r 1               ;
000010r 1  A5 14        	lda     $14
000012r 1               ;
000012r 1               ; asm("sta %v", ticks);
000012r 1               ;
000012r 1  8D rr rr     	sta     _ticks
000015r 1               ;
000015r 1               ; asm("lda $13");
000015r 1               ;
000015r 1  A5 13        	lda     $13
000017r 1               ;
000017r 1               ; asm("sta %v+1", ticks);
000017r 1               ;
000017r 1  8D rr rr     	sta     _ticks+1
00001Ar 1               ;
00001Ar 1               ; asm("CLI");
00001Ar 1               ;
00001Ar 1  58           	cli
00001Br 1               ;
00001Br 1               ; printf("%u ticks", ticks);
00001Br 1               ;
00001Br 1  A9 rr        	lda     #<(L0042)
00001Dr 1  A2 rr        	ldx     #>(L0042)
00001Fr 1  20 rr rr     	jsr     pushax
000022r 1  AD rr rr     	lda     _ticks
000025r 1  AE rr rr     	ldx     _ticks+1
000028r 1  20 rr rr     	jsr     pushax
00002Br 1  A0 04        	ldy     #$04
00002Dr 1  4C rr rr     	jmp     _printf
000030r 1               
000030r 1               .endproc
000030r 1               
000030r 1               ; ---------------------------------------------------------------
000030r 1               ; void __near__ place_enemy (unsigned char, unsigned char)
000030r 1               ; ---------------------------------------------------------------
000030r 1               
000030r 1               .segment	"CODE"
000030r 1               
000030r 1               .proc	_place_enemy: near
000030r 1               
000030r 1               .segment	"CODE"
000030r 1               
000030r 1               ;
000030r 1               ; {
000030r 1               ;
000030r 1  20 rr rr     	jsr     pusha
000033r 1               ;
000033r 1               ; game_state.entities.x[index1] = x;
000033r 1               ;
000033r 1  A0 01        	ldy     #$01
000035r 1  B1 rr        	lda     (sp),y
000037r 1  A4 rr        	ldy     _index1
000039r 1  99 rr rr     	sta     _game_state,y
00003Cr 1               ;
00003Cr 1               ; game_state.entities.y[index1] = y;
00003Cr 1               ;
00003Cr 1  A0 00        	ldy     #$00
00003Er 1  B1 rr        	lda     (sp),y
000040r 1  A4 rr        	ldy     _index1
000042r 1  99 rr rr     	sta     _game_state+31,y
000045r 1               ;
000045r 1               ; }
000045r 1               ;
000045r 1  4C rr rr     	jmp     incsp2
000048r 1               
000048r 1               .endproc
000048r 1               
000048r 1               ; ---------------------------------------------------------------
000048r 1               ; void __near__ set_entities (void)
000048r 1               ; ---------------------------------------------------------------
000048r 1               
000048r 1               .segment	"CODE"
000048r 1               
000048r 1               .proc	_set_entities: near
000048r 1               
000048r 1               .segment	"CODE"
000048r 1               
000048r 1               ;
000048r 1               ; for (index1 = 0; index1 < NO_ENEMIES; index1++)
000048r 1               ;
000048r 1  A9 00        	lda     #$00
00004Ar 1  85 rr        	sta     _index1
00004Cr 1  A5 rr        L00CF:	lda     _index1
00004Er 1  C9 1E        	cmp     #$1E
000050r 1  B0 2E        	bcs     L00D0
000052r 1               ;
000052r 1               ; place_enemy((index1*5) % SCREEN_SIZE_X, index1 / 2 + 9);
000052r 1               ;
000052r 1  A2 00        	ldx     #$00
000054r 1  A5 rr        	lda     _index1
000056r 1  20 rr rr     	jsr     mulax5
000059r 1  20 rr rr     	jsr     pushax
00005Cr 1  A9 28        	lda     #$28
00005Er 1  20 rr rr     	jsr     tosumoda0
000061r 1  20 rr rr     	jsr     pusha
000064r 1  A5 rr        	lda     _index1
000066r 1  4A           	lsr     a
000067r 1  18           	clc
000068r 1  69 09        	adc     #$09
00006Ar 1  20 rr rr     	jsr     _place_enemy
00006Dr 1               ;
00006Dr 1               ; game_state.entities.hp[index1] = 99;
00006Dr 1               ;
00006Dr 1  A4 rr        	ldy     _index1
00006Fr 1  A9 63        	lda     #$63
000071r 1  99 rr rr     	sta     _game_state+62,y
000074r 1               ;
000074r 1               ; game_state.entities.type[index1] = ENTITY_ENEMY;
000074r 1               ;
000074r 1  A4 rr        	ldy     _index1
000076r 1  A9 02        	lda     #$02
000078r 1  99 rr rr     	sta     _game_state+93,y
00007Br 1               ;
00007Br 1               ; for (index1 = 0; index1 < NO_ENEMIES; index1++)
00007Br 1               ;
00007Br 1  E6 rr        	inc     _index1
00007Dr 1  4C rr rr     	jmp     L00CF
000080r 1               ;
000080r 1               ; game_state.entities.hp[PLAYER_INDEX] = 99;
000080r 1               ;
000080r 1  A9 63        L00D0:	lda     #$63
000082r 1  8D rr rr     	sta     _game_state+92
000085r 1               ;
000085r 1               ; game_state.entities.x[PLAYER_INDEX] = SCREEN_SIZE_X/2;
000085r 1               ;
000085r 1  A9 14        	lda     #$14
000087r 1  8D rr rr     	sta     _game_state+30
00008Ar 1               ;
00008Ar 1               ; game_state.entities.type[PLAYER_INDEX] = ENTITY_PLAYER;
00008Ar 1               ;
00008Ar 1  A9 01        	lda     #$01
00008Cr 1  8D rr rr     	sta     _game_state+123
00008Fr 1               ;
00008Fr 1               ; };
00008Fr 1               ;
00008Fr 1  60           	rts
000090r 1               
000090r 1               .endproc
000090r 1               
000090r 1               ; ---------------------------------------------------------------
000090r 1               ; unsigned char __near__ get_entity_tile (unsigned char)
000090r 1               ; ---------------------------------------------------------------
000090r 1               
000090r 1               .segment	"CODE"
000090r 1               
000090r 1               .proc	_get_entity_tile: near
000090r 1               
000090r 1               .segment	"CODE"
000090r 1               
000090r 1               ;
000090r 1               ; {
000090r 1               ;
000090r 1  20 rr rr     	jsr     pusha
000093r 1               ;
000093r 1               ; switch(type)
000093r 1               ;
000093r 1  A2 00        	ldx     #$00
000095r 1  A1 rr        	lda     (sp,x)
000097r 1               ;
000097r 1               ; }
000097r 1               ;
000097r 1  C9 01        	cmp     #$01
000099r 1  F0 07        	beq     L00D1
00009Br 1  C9 02        	cmp     #$02
00009Dr 1  F0 08        	beq     L00D2
00009Fr 1  4C rr rr     	jmp     L00D3
0000A2r 1               ;
0000A2r 1               ; return 'p';
0000A2r 1               ;
0000A2r 1  A9 70        L00D1:	lda     #$70
0000A4r 1  4C rr rr     	jmp     incsp1
0000A7r 1               ;
0000A7r 1               ; return 'e';
0000A7r 1               ;
0000A7r 1  A9 65        L00D2:	lda     #$65
0000A9r 1  4C rr rr     	jmp     incsp1
0000ACr 1               ;
0000ACr 1               ; return 'x';
0000ACr 1               ;
0000ACr 1  A9 78        L00D3:	lda     #$78
0000AEr 1               ;
0000AEr 1               ; }
0000AEr 1               ;
0000AEr 1  4C rr rr     	jmp     incsp1
0000B1r 1               
0000B1r 1               .endproc
0000B1r 1               
0000B1r 1               ; ---------------------------------------------------------------
0000B1r 1               ; void __near__ draw_entity (void)
0000B1r 1               ; ---------------------------------------------------------------
0000B1r 1               
0000B1r 1               .segment	"CODE"
0000B1r 1               
0000B1r 1               .proc	_draw_entity: near
0000B1r 1               
0000B1r 1               .segment	"BSS"
000081r 1               
000081r 1               L0089:
000081r 1  00           	.res	1,$00
000082r 1               L008B:
000082r 1  00 00        	.res	2,$00
000084r 1               
000084r 1               .segment	"CODE"
0000B1r 1               
0000B1r 1               ;
0000B1r 1               ; const unsigned char FIRST_DIGIT_CHAR = 0x10;
0000B1r 1               ;
0000B1r 1  A9 10        	lda     #$10
0000B3r 1  8D rr rr     	sta     L0089
0000B6r 1               ;
0000B6r 1               ; unsigned char *draw_ptr = &screen_ptr[game_state.entities.y[index1] * SCREEN_SIZE_X + game_state.entities.x[index1]];
0000B6r 1               ;
0000B6r 1  AD rr rr     	lda     _screen_ptr
0000B9r 1  AE rr rr     	ldx     _screen_ptr+1
0000BCr 1  20 rr rr     	jsr     pushax
0000BFr 1  A4 rr        	ldy     _index1
0000C1r 1  B9 rr rr     	lda     _game_state+31,y
0000C4r 1  20 rr rr     	jsr     pusha0
0000C7r 1  A9 28        	lda     #$28
0000C9r 1  20 rr rr     	jsr     tosumula0
0000CCr 1  85 rr        	sta     ptr1
0000CEr 1  86 rr        	stx     ptr1+1
0000D0r 1  A4 rr        	ldy     _index1
0000D2r 1  B9 rr rr     	lda     _game_state,y
0000D5r 1  18           	clc
0000D6r 1  65 rr        	adc     ptr1
0000D8r 1  A6 rr        	ldx     ptr1+1
0000DAr 1  90 01        	bcc     L00D6
0000DCr 1  E8           	inx
0000DDr 1  20 rr rr     L00D6:	jsr     tosaddax
0000E0r 1  8D rr rr     	sta     L008B
0000E3r 1  8E rr rr     	stx     L008B+1
0000E6r 1               ;
0000E6r 1               ; *draw_ptr = get_entity_tile(game_state.entities.type[index1]);
0000E6r 1               ;
0000E6r 1  20 rr rr     	jsr     pushax
0000E9r 1  A4 rr        	ldy     _index1
0000EBr 1  B9 rr rr     	lda     _game_state+93,y
0000EEr 1  20 rr rr     	jsr     _get_entity_tile
0000F1r 1  A0 00        	ldy     #$00
0000F3r 1  20 rr rr     	jsr     staspidx
0000F6r 1               ;
0000F6r 1               ; *(++draw_ptr) = game_state.entities.hp[index1] / 10 + FIRST_DIGIT_CHAR;
0000F6r 1               ;
0000F6r 1  EE rr rr     	inc     L008B
0000F9r 1  D0 03        	bne     L0099
0000FBr 1  EE rr rr     	inc     L008B+1
0000FEr 1  AD rr rr     L0099:	lda     L008B
000101r 1  AE rr rr     	ldx     L008B+1
000104r 1  20 rr rr     	jsr     pushax
000107r 1  A4 rr        	ldy     _index1
000109r 1  B9 rr rr     	lda     _game_state+62,y
00010Cr 1  20 rr rr     	jsr     pusha0
00010Fr 1  A9 0A        	lda     #$0A
000111r 1  20 rr rr     	jsr     tosudiva0
000114r 1  18           	clc
000115r 1  6D rr rr     	adc     L0089
000118r 1  A0 00        	ldy     #$00
00011Ar 1  20 rr rr     	jsr     staspidx
00011Dr 1               ;
00011Dr 1               ; *(++draw_ptr) = game_state.entities.hp[index1] % 10 + FIRST_DIGIT_CHAR;
00011Dr 1               ;
00011Dr 1  EE rr rr     	inc     L008B
000120r 1  D0 03        	bne     L009F
000122r 1  EE rr rr     	inc     L008B+1
000125r 1  AD rr rr     L009F:	lda     L008B
000128r 1  AE rr rr     	ldx     L008B+1
00012Br 1  20 rr rr     	jsr     pushax
00012Er 1  A4 rr        	ldy     _index1
000130r 1  B9 rr rr     	lda     _game_state+62,y
000133r 1  20 rr rr     	jsr     pusha0
000136r 1  A9 0A        	lda     #$0A
000138r 1  20 rr rr     	jsr     tosumoda0
00013Br 1  18           	clc
00013Cr 1  6D rr rr     	adc     L0089
00013Fr 1  A0 00        	ldy     #$00
000141r 1  4C rr rr     	jmp     staspidx
000144r 1               
000144r 1               .endproc
000144r 1               
000144r 1               ; ---------------------------------------------------------------
000144r 1               ; void __near__ damage_enemy (void)
000144r 1               ; ---------------------------------------------------------------
000144r 1               
000144r 1               .segment	"CODE"
000144r 1               
000144r 1               .proc	_damage_enemy: near
000144r 1               
000144r 1               .segment	"CODE"
000144r 1               
000144r 1               ;
000144r 1               ; if (game_state.entities.hp[index1] > 0)
000144r 1               ;
000144r 1  A4 rr        	ldy     _index1
000146r 1  B9 rr rr     	lda     _game_state+62,y
000149r 1  F0 1B        	beq     L00A4
00014Br 1               ;
00014Br 1               ; game_state.entities.hp[index1]--;
00014Br 1               ;
00014Br 1  A9 rr        	lda     #<(_game_state+62)
00014Dr 1  A2 rr        	ldx     #>(_game_state+62)
00014Fr 1  18           	clc
000150r 1  65 rr        	adc     _index1
000152r 1  90 01        	bcc     L00AA
000154r 1  E8           	inx
000155r 1  20 rr rr     L00AA:	jsr     pushax
000158r 1  85 rr        	sta     ptr1
00015Ar 1  86 rr        	stx     ptr1+1
00015Cr 1  A0 00        	ldy     #$00
00015Er 1  B1 rr        	lda     (ptr1),y
000160r 1  38           	sec
000161r 1  E9 01        	sbc     #$01
000163r 1  4C rr rr     	jmp     staspidx
000166r 1               ;
000166r 1               ; }
000166r 1               ;
000166r 1  60           L00A4:	rts
000167r 1               
000167r 1               .endproc
000167r 1               
000167r 1               ; ---------------------------------------------------------------
000167r 1               ; void __near__ one_frame (void)
000167r 1               ; ---------------------------------------------------------------
000167r 1               
000167r 1               .segment	"CODE"
000167r 1               
000167r 1               .proc	_one_frame: near
000167r 1               
000167r 1               .segment	"CODE"
000167r 1               
000167r 1               ;
000167r 1               ; for (index1 = 0; index1 < NO_ENEMIES; index1++)
000167r 1               ;
000167r 1  A9 00        	lda     #$00
000169r 1  85 rr        	sta     _index1
00016Br 1  A5 rr        L00D7:	lda     _index1
00016Dr 1  C9 1E        	cmp     #$1E
00016Fr 1  B0 0B        	bcs     L00D8
000171r 1               ;
000171r 1               ; damage_enemy();
000171r 1               ;
000171r 1  20 rr rr     	jsr     _damage_enemy
000174r 1               ;
000174r 1               ; draw_entity();
000174r 1               ;
000174r 1  20 rr rr     	jsr     _draw_entity
000177r 1               ;
000177r 1               ; for (index1 = 0; index1 < NO_ENEMIES; index1++)
000177r 1               ;
000177r 1  E6 rr        	inc     _index1
000179r 1  4C rr rr     	jmp     L00D7
00017Cr 1               ;
00017Cr 1               ; index1 = PLAYER_INDEX;
00017Cr 1               ;
00017Cr 1  A9 1E        L00D8:	lda     #$1E
00017Er 1  85 rr        	sta     _index1
000180r 1               ;
000180r 1               ; draw_entity();
000180r 1               ;
000180r 1  4C rr rr     	jmp     _draw_entity
000183r 1               
000183r 1               .endproc
000183r 1               
000183r 1               ; ---------------------------------------------------------------
000183r 1               ; void __near__ main (void)
000183r 1               ; ---------------------------------------------------------------
000183r 1               
000183r 1               .segment	"CODE"
000183r 1               
000183r 1               .proc	_main: near
000183r 1               
000183r 1               .segment	"BSS"
000084r 1               
000084r 1               L00BB:
000084r 1  00           	.res	1,$00
000085r 1               
000085r 1               .segment	"CODE"
000183r 1               
000183r 1               ;
000183r 1               ; screen_ptr = OS.savmsc;
000183r 1               ;
000183r 1  A5 59        	lda     $0058+1
000185r 1  8D rr rr     	sta     _screen_ptr+1
000188r 1  A5 58        	lda     $0058
00018Ar 1  8D rr rr     	sta     _screen_ptr
00018Dr 1               ;
00018Dr 1               ; set_entities();
00018Dr 1               ;
00018Dr 1  20 rr rr     	jsr     _set_entities
000190r 1               ;
000190r 1               ; start_benchmark();
000190r 1               ;
000190r 1  20 rr rr     	jsr     _start_benchmark
000193r 1               ;
000193r 1               ; for (times = 0; times < 100; ++times)
000193r 1               ;
000193r 1  A9 00        	lda     #$00
000195r 1  8D rr rr     	sta     L00BB
000198r 1  AD rr rr     L00DA:	lda     L00BB
00019Br 1  C9 64        	cmp     #$64
00019Dr 1  B0 09        	bcs     L00C2
00019Fr 1               ;
00019Fr 1               ; one_frame();
00019Fr 1               ;
00019Fr 1  20 rr rr     	jsr     _one_frame
0001A2r 1               ;
0001A2r 1               ; for (times = 0; times < 100; ++times)
0001A2r 1               ;
0001A2r 1  EE rr rr     	inc     L00BB
0001A5r 1  4C rr rr     	jmp     L00DA
0001A8r 1               ;
0001A8r 1               ; end_benchmark();
0001A8r 1               ;
0001A8r 1  20 rr rr     L00C2:	jsr     _end_benchmark
0001ABr 1               ;
0001ABr 1               ; for(;;);
0001ABr 1               ;
0001ABr 1  4C rr rr     L00CD:	jmp     L00CD
0001AEr 1               
0001AEr 1               .endproc
0001AEr 1               
0001AEr 1               
