ca65 V2.18 - Ubuntu 2.18-1
Main file   : game.s
Current file: game.s

000000r 1               ;
000000r 1               ; File generated by cc65 v 2.18 - Ubuntu 2.18-1
000000r 1               ;
000000r 1               	.fopt		compiler,"cc65 v 2.18 - Ubuntu 2.18-1"
000000r 1               	.setcpu		"6502"
000000r 1               	.smart		on
000000r 1               	.autoimport	on
000000r 1               	.case		on
000000r 1               	.debuginfo	off
000000r 1               	.importzp	sp, sreg, regsave, regbank
000000r 1               	.importzp	tmp1, tmp2, tmp3, tmp4, ptr1, ptr2, ptr3, ptr4
000000r 1               	.macpack	longbranch
000000r 2               .macro  jeq     Target
000000r 2                       .if     .match(Target, 0)
000000r 2                       bne     *+5
000000r 2                       jmp     Target
000000r 2                       .elseif .def(Target) .and .const((*-2)-(Target)) .and ((*+2)-(Target) <= 127)
000000r 2                               beq     Target
000000r 2                       .else
000000r 2                               bne     *+5
000000r 2                               jmp     Target
000000r 2                       .endif
000000r 2               .endmacro
000000r 2               .macro  jne     Target
000000r 2                       .if     .match(Target, 0)
000000r 2                               beq     *+5
000000r 2                               jmp     Target
000000r 2                       .elseif .def(Target) .and .const((*-2)-(Target)) .and ((*+2)-(Target) <= 127)
000000r 2                               bne     Target
000000r 2                       .else
000000r 2                               beq     *+5
000000r 2                               jmp     Target
000000r 2                       .endif
000000r 2               .endmacro
000000r 2               .macro  jmi     Target
000000r 2                       .if     .match(Target, 0)
000000r 2                               bpl     *+5
000000r 2                               jmp     Target
000000r 2                       .elseif .def(Target) .and .const((*-2)-(Target)) .and ((*+2)-(Target) <= 127)
000000r 2                               bmi     Target
000000r 2                       .else
000000r 2                               bpl     *+5
000000r 2                               jmp     Target
000000r 2                       .endif
000000r 2               .endmacro
000000r 2               .macro  jpl     Target
000000r 2                       .if     .match(Target, 0)
000000r 2                               bmi     *+5
000000r 2                               jmp     Target
000000r 2                       .elseif .def(Target) .and .const((*-2)-(Target)) .and ((*+2)-(Target) <= 127)
000000r 2                               bpl     Target
000000r 2                       .else
000000r 2                               bmi     *+5
000000r 2                               jmp     Target
000000r 2                       .endif
000000r 2               .endmacro
000000r 2               .macro  jcs     Target
000000r 2                       .if     .match(Target, 0)
000000r 2                               bcc     *+5
000000r 2                               jmp     Target
000000r 2                       .elseif .def(Target) .and .const((*-2)-(Target)) .and ((*+2)-(Target) <= 127)
000000r 2                               bcs     Target
000000r 2                       .else
000000r 2                               bcc     *+5
000000r 2                               jmp     Target
000000r 2                       .endif
000000r 2               .endmacro
000000r 2               .macro  jcc     Target
000000r 2                       .if     .match(Target, 0)
000000r 2                               bcs     *+5
000000r 2                               jmp     Target
000000r 2                       .elseif .def(Target) .and .const((*-2)-(Target)) .and ((*+2)-(Target) <= 127)
000000r 2                               bcc     Target
000000r 2                       .else
000000r 2                               bcs     *+5
000000r 2                               jmp     Target
000000r 2                       .endif
000000r 2               .endmacro
000000r 2               .macro  jvs     Target
000000r 2                       .if     .match(Target, 0)
000000r 2                               bvc     *+5
000000r 2                               jmp     Target
000000r 2                       .elseif .def(Target) .and .const((*-2)-(Target)) .and ((*+2)-(Target) <= 127)
000000r 2                               bvs     Target
000000r 2                       .else
000000r 2                               bvc     *+5
000000r 2                               jmp     Target
000000r 2                       .endif
000000r 2               .endmacro
000000r 2               .macro  jvc     Target
000000r 2                       .if     .match(Target, 0)
000000r 2                               bvs     *+5
000000r 2                               jmp     Target
000000r 2                       .elseif .def(Target) .and .const((*-2)-(Target)) .and ((*+2)-(Target) <= 127)
000000r 2                               bvc     Target
000000r 2                       .else
000000r 2                               bvs     *+5
000000r 2                               jmp     Target
000000r 2                       .endif
000000r 2               .endmacro
000000r 2               
000000r 1               	.forceimport	__STARTUP__
000000r 1               	.import		_printf
000000r 1               	.export		_start_benchmark
000000r 1               	.export		_ticks
000000r 1               	.export		_end_benchmark
000000r 1               	.exportzp	_draw_ptr
000000r 1               	.exportzp	_index1
000000r 1               	.exportzp	_calc1
000000r 1               	.export		_game_state
000000r 1               	.export		_get_entity_tile
000000r 1               	.export		_div_10_lookup
000000r 1               	.export		_mod_10_lookup
000000r 1               	.export		_screen_line_lookup
000000r 1               	.export		_place_enemy
000000r 1               	.export		_set_entities
000000r 1               	.export		_draw_entity
000000r 1               	.export		_damage_enemy
000000r 1               	.export		_one_frame
000000r 1               	.export		_init_lookup_tables
000000r 1               	.export		_main
000000r 1               
000000r 1               .segment	"DATA"
000000r 1               
000000r 1               .segment	"ZEROPAGE"
000000r 1               .segment	"DATA"
000000r 1               _get_entity_tile:
000000r 1  78           	.byte	$78
000001r 1  70           	.byte	$70
000002r 1  65           	.byte	$65
000003r 1               
000003r 1               .segment	"RODATA"
000000r 1               
000000r 1               L0042:
000000r 1  25 75 20 74  	.byte	$25,$75,$20,$74,$69,$63,$6B,$73,$00
000004r 1  69 63 6B 73  
000008r 1  00           
000009r 1               
000009r 1               .segment	"BSS"
000000r 1               
000000r 1               _ticks:
000000r 1  00 00        	.res	2,$00
000002r 1               .segment	"ZEROPAGE"
000000r 1               _draw_ptr:
000000r 1  00 00        	.res	2,$00
000002r 1               _index1:
000002r 1  00           	.res	1,$00
000003r 1               _calc1:
000003r 1  00           	.res	1,$00
000004r 1               .segment	"BSS"
000002r 1               _game_state:
000002r 1  00 00 00 00  	.res	125,$00
000006r 1  00 00 00 00  
00000Ar 1  00 00 00 00  
00007Fr 1               _div_10_lookup:
00007Fr 1  00 00 00 00  	.res	100,$00
000083r 1  00 00 00 00  
000087r 1  00 00 00 00  
0000E3r 1               _mod_10_lookup:
0000E3r 1  00 00 00 00  	.res	100,$00
0000E7r 1  00 00 00 00  
0000EBr 1  00 00 00 00  
000147r 1               _screen_line_lookup:
000147r 1  00 00 00 00  	.res	48,$00
00014Br 1  00 00 00 00  
00014Fr 1  00 00 00 00  
000177r 1               
000177r 1               ; ---------------------------------------------------------------
000177r 1               ; void __near__ start_benchmark (void)
000177r 1               ; ---------------------------------------------------------------
000177r 1               
000177r 1               .segment	"CODE"
000000r 1               
000000r 1               .proc	_start_benchmark: near
000000r 1               
000000r 1               .segment	"CODE"
000000r 1               
000000r 1               ;
000000r 1               ; asm("SEI");
000000r 1               ;
000000r 1  78           	sei
000001r 1               ;
000001r 1               ; asm("lda $14");
000001r 1               ;
000001r 1  A5 14        	lda     $14
000003r 1               ;
000003r 1               ; asm("cmp $14");
000003r 1               ;
000003r 1  C5 14        L0025:	cmp     $14
000005r 1               ;
000005r 1               ; asm("beq %g", wvb);
000005r 1               ;
000005r 1  F0 FC        	beq     L0025
000007r 1               ;
000007r 1               ; asm("lda #0");
000007r 1               ;
000007r 1  A9 00        	lda     #0
000009r 1               ;
000009r 1               ; asm("sta $13");
000009r 1               ;
000009r 1  85 13        	sta     $13
00000Br 1               ;
00000Br 1               ; asm("sta $14");
00000Br 1               ;
00000Br 1  85 14        	sta     $14
00000Dr 1               ;
00000Dr 1               ; asm("CLI");
00000Dr 1               ;
00000Dr 1  58           	cli
00000Er 1               ;
00000Er 1               ; }
00000Er 1               ;
00000Er 1  60           	rts
00000Fr 1               
00000Fr 1               .endproc
00000Fr 1               
00000Fr 1               ; ---------------------------------------------------------------
00000Fr 1               ; void __near__ end_benchmark (void)
00000Fr 1               ; ---------------------------------------------------------------
00000Fr 1               
00000Fr 1               .segment	"CODE"
00000Fr 1               
00000Fr 1               .proc	_end_benchmark: near
00000Fr 1               
00000Fr 1               .segment	"CODE"
00000Fr 1               
00000Fr 1               ;
00000Fr 1               ; asm("SEI");
00000Fr 1               ;
00000Fr 1  78           	sei
000010r 1               ;
000010r 1               ; asm("lda $14");
000010r 1               ;
000010r 1  A5 14        	lda     $14
000012r 1               ;
000012r 1               ; asm("sta %v", ticks);
000012r 1               ;
000012r 1  8D rr rr     	sta     _ticks
000015r 1               ;
000015r 1               ; asm("lda $13");
000015r 1               ;
000015r 1  A5 13        	lda     $13
000017r 1               ;
000017r 1               ; asm("sta %v+1", ticks);
000017r 1               ;
000017r 1  8D rr rr     	sta     _ticks+1
00001Ar 1               ;
00001Ar 1               ; asm("CLI");
00001Ar 1               ;
00001Ar 1  58           	cli
00001Br 1               ;
00001Br 1               ; printf("%u ticks", ticks);
00001Br 1               ;
00001Br 1  A9 rr        	lda     #<(L0042)
00001Dr 1  A2 rr        	ldx     #>(L0042)
00001Fr 1  20 rr rr     	jsr     pushax
000022r 1  AD rr rr     	lda     _ticks
000025r 1  AE rr rr     	ldx     _ticks+1
000028r 1  20 rr rr     	jsr     pushax
00002Br 1  A0 04        	ldy     #$04
00002Dr 1  4C rr rr     	jmp     _printf
000030r 1               
000030r 1               .endproc
000030r 1               
000030r 1               ; ---------------------------------------------------------------
000030r 1               ; void __near__ place_enemy (unsigned char, unsigned char)
000030r 1               ; ---------------------------------------------------------------
000030r 1               
000030r 1               .segment	"CODE"
000030r 1               
000030r 1               .proc	_place_enemy: near
000030r 1               
000030r 1               .segment	"CODE"
000030r 1               
000030r 1               ;
000030r 1               ; {
000030r 1               ;
000030r 1  20 rr rr     	jsr     pusha
000033r 1               ;
000033r 1               ; game_state.entities.x[index1] = x;
000033r 1               ;
000033r 1  A0 01        	ldy     #$01
000035r 1  B1 rr        	lda     (sp),y
000037r 1  A4 rr        	ldy     _index1
000039r 1  99 rr rr     	sta     _game_state,y
00003Cr 1               ;
00003Cr 1               ; game_state.entities.y[index1] = y;
00003Cr 1               ;
00003Cr 1  A0 00        	ldy     #$00
00003Er 1  B1 rr        	lda     (sp),y
000040r 1  A4 rr        	ldy     _index1
000042r 1  99 rr rr     	sta     _game_state+31,y
000045r 1               ;
000045r 1               ; }
000045r 1               ;
000045r 1  4C rr rr     	jmp     incsp2
000048r 1               
000048r 1               .endproc
000048r 1               
000048r 1               ; ---------------------------------------------------------------
000048r 1               ; void __near__ set_entities (void)
000048r 1               ; ---------------------------------------------------------------
000048r 1               
000048r 1               .segment	"CODE"
000048r 1               
000048r 1               .proc	_set_entities: near
000048r 1               
000048r 1               .segment	"CODE"
000048r 1               
000048r 1               ;
000048r 1               ; for (index1 = 0; index1 < NO_ENEMIES; index1++)
000048r 1               ;
000048r 1  A9 00        	lda     #$00
00004Ar 1  85 rr        	sta     _index1
00004Cr 1  A5 rr        L00F9:	lda     _index1
00004Er 1  C9 1E        	cmp     #$1E
000050r 1  B0 2E        	bcs     L00FA
000052r 1               ;
000052r 1               ; place_enemy((index1*5) % SCREEN_SIZE_X, index1 / 2 + 9);
000052r 1               ;
000052r 1  A2 00        	ldx     #$00
000054r 1  A5 rr        	lda     _index1
000056r 1  20 rr rr     	jsr     mulax5
000059r 1  20 rr rr     	jsr     pushax
00005Cr 1  A9 28        	lda     #$28
00005Er 1  20 rr rr     	jsr     tosumoda0
000061r 1  20 rr rr     	jsr     pusha
000064r 1  A5 rr        	lda     _index1
000066r 1  4A           	lsr     a
000067r 1  18           	clc
000068r 1  69 09        	adc     #$09
00006Ar 1  20 rr rr     	jsr     _place_enemy
00006Dr 1               ;
00006Dr 1               ; game_state.entities.hp[index1] = 99;
00006Dr 1               ;
00006Dr 1  A4 rr        	ldy     _index1
00006Fr 1  A9 63        	lda     #$63
000071r 1  99 rr rr     	sta     _game_state+62,y
000074r 1               ;
000074r 1               ; game_state.entities.type[index1] = ENTITY_ENEMY;
000074r 1               ;
000074r 1  A4 rr        	ldy     _index1
000076r 1  A9 02        	lda     #$02
000078r 1  99 rr rr     	sta     _game_state+93,y
00007Br 1               ;
00007Br 1               ; for (index1 = 0; index1 < NO_ENEMIES; index1++)
00007Br 1               ;
00007Br 1  E6 rr        	inc     _index1
00007Dr 1  4C rr rr     	jmp     L00F9
000080r 1               ;
000080r 1               ; game_state.entities.hp[PLAYER_INDEX] = 99;
000080r 1               ;
000080r 1  A9 63        L00FA:	lda     #$63
000082r 1  8D rr rr     	sta     _game_state+92
000085r 1               ;
000085r 1               ; game_state.entities.x[PLAYER_INDEX] = SCREEN_SIZE_X/2;
000085r 1               ;
000085r 1  A9 14        	lda     #$14
000087r 1  8D rr rr     	sta     _game_state+30
00008Ar 1               ;
00008Ar 1               ; game_state.entities.type[PLAYER_INDEX] = ENTITY_PLAYER;
00008Ar 1               ;
00008Ar 1  A9 01        	lda     #$01
00008Cr 1  8D rr rr     	sta     _game_state+123
00008Fr 1               ;
00008Fr 1               ; };
00008Fr 1               ;
00008Fr 1  60           	rts
000090r 1               
000090r 1               .endproc
000090r 1               
000090r 1               ; ---------------------------------------------------------------
000090r 1               ; void __near__ draw_entity (void)
000090r 1               ; ---------------------------------------------------------------
000090r 1               
000090r 1               .segment	"CODE"
000090r 1               
000090r 1               .proc	_draw_entity: near
000090r 1               
000090r 1               .segment	"CODE"
000090r 1               
000090r 1               ;
000090r 1               ; calc1 = game_state.entities.y[index1];
000090r 1               ;
000090r 1  A4 rr        	ldy     _index1
000092r 1  B9 rr rr     	lda     _game_state+31,y
000095r 1  85 rr        	sta     _calc1
000097r 1               ;
000097r 1               ; draw_ptr = screen_line_lookup[calc1];
000097r 1               ;
000097r 1  A2 00        	ldx     #$00
000099r 1  A5 rr        	lda     _calc1
00009Br 1  0A           	asl     a
00009Cr 1  90 02        	bcc     L00FC
00009Er 1  E8           	inx
00009Fr 1  18           	clc
0000A0r 1  69 rr        L00FC:	adc     #<(_screen_line_lookup)
0000A2r 1  85 rr        	sta     ptr1
0000A4r 1  8A           	txa
0000A5r 1  69 rr        	adc     #>(_screen_line_lookup)
0000A7r 1  85 rr        	sta     ptr1+1
0000A9r 1  A0 01        	ldy     #$01
0000ABr 1  B1 rr        	lda     (ptr1),y
0000ADr 1  85 rr        	sta     _draw_ptr+1
0000AFr 1  88           	dey
0000B0r 1  B1 rr        	lda     (ptr1),y
0000B2r 1  85 rr        	sta     _draw_ptr
0000B4r 1               ;
0000B4r 1               ; draw_ptr += game_state.entities.x[index1];
0000B4r 1               ;
0000B4r 1  A4 rr        	ldy     _index1
0000B6r 1  B9 rr rr     	lda     _game_state,y
0000B9r 1  18           	clc
0000BAr 1  65 rr        	adc     _draw_ptr
0000BCr 1  85 rr        	sta     _draw_ptr
0000BEr 1  A9 00        	lda     #$00
0000C0r 1  65 rr        	adc     _draw_ptr+1
0000C2r 1  85 rr        	sta     _draw_ptr+1
0000C4r 1               ;
0000C4r 1               ; calc1 = game_state.entities.type[index1];
0000C4r 1               ;
0000C4r 1  A4 rr        	ldy     _index1
0000C6r 1  B9 rr rr     	lda     _game_state+93,y
0000C9r 1  85 rr        	sta     _calc1
0000CBr 1               ;
0000CBr 1               ; *draw_ptr = get_entity_tile[calc1];
0000CBr 1               ;
0000CBr 1  A5 rr        	lda     _draw_ptr+1
0000CDr 1  85 rr        	sta     ptr1+1
0000CFr 1  A5 rr        	lda     _draw_ptr
0000D1r 1  85 rr        	sta     ptr1
0000D3r 1  A4 rr        	ldy     _calc1
0000D5r 1  B9 rr rr     	lda     _get_entity_tile,y
0000D8r 1  A0 00        	ldy     #$00
0000DAr 1  91 rr        	sta     (ptr1),y
0000DCr 1               ;
0000DCr 1               ; calc1 = game_state.entities.hp[index1];
0000DCr 1               ;
0000DCr 1  A4 rr        	ldy     _index1
0000DEr 1  B9 rr rr     	lda     _game_state+62,y
0000E1r 1  85 rr        	sta     _calc1
0000E3r 1               ;
0000E3r 1               ; *(++draw_ptr) = div_10_lookup[calc1];
0000E3r 1               ;
0000E3r 1  E6 rr        	inc     _draw_ptr
0000E5r 1  D0 02        	bne     L009F
0000E7r 1  E6 rr        	inc     _draw_ptr+1
0000E9r 1  A5 rr        L009F:	lda     _draw_ptr+1
0000EBr 1  85 rr        	sta     ptr1+1
0000EDr 1  A5 rr        	lda     _draw_ptr
0000EFr 1  85 rr        	sta     ptr1
0000F1r 1  A4 rr        	ldy     _calc1
0000F3r 1  B9 rr rr     	lda     _div_10_lookup,y
0000F6r 1  A0 00        	ldy     #$00
0000F8r 1  91 rr        	sta     (ptr1),y
0000FAr 1               ;
0000FAr 1               ; *(++draw_ptr) = mod_10_lookup[calc1];
0000FAr 1               ;
0000FAr 1  E6 rr        	inc     _draw_ptr
0000FCr 1  D0 02        	bne     L00A5
0000FEr 1  E6 rr        	inc     _draw_ptr+1
000100r 1  A5 rr        L00A5:	lda     _draw_ptr+1
000102r 1  85 rr        	sta     ptr1+1
000104r 1  A5 rr        	lda     _draw_ptr
000106r 1  85 rr        	sta     ptr1
000108r 1  A4 rr        	ldy     _calc1
00010Ar 1  B9 rr rr     	lda     _mod_10_lookup,y
00010Dr 1  A0 00        	ldy     #$00
00010Fr 1  91 rr        	sta     (ptr1),y
000111r 1               ;
000111r 1               ; };
000111r 1               ;
000111r 1  60           	rts
000112r 1               
000112r 1               .endproc
000112r 1               
000112r 1               ; ---------------------------------------------------------------
000112r 1               ; void __near__ damage_enemy (void)
000112r 1               ; ---------------------------------------------------------------
000112r 1               
000112r 1               .segment	"CODE"
000112r 1               
000112r 1               .proc	_damage_enemy: near
000112r 1               
000112r 1               .segment	"CODE"
000112r 1               
000112r 1               ;
000112r 1               ; calc1 = game_state.entities.hp[index1];
000112r 1               ;
000112r 1  A4 rr        	ldy     _index1
000114r 1  B9 rr rr     	lda     _game_state+62,y
000117r 1  85 rr        	sta     _calc1
000119r 1               ;
000119r 1               ; if (calc1 > 0)
000119r 1               ;
000119r 1  A5 rr        	lda     _calc1
00011Br 1  F0 09        	beq     L00AE
00011Dr 1               ;
00011Dr 1               ; --calc1;
00011Dr 1               ;
00011Dr 1  C6 rr        	dec     _calc1
00011Fr 1               ;
00011Fr 1               ; game_state.entities.hp[index1] = calc1;
00011Fr 1               ;
00011Fr 1  A4 rr        	ldy     _index1
000121r 1  A5 rr        	lda     _calc1
000123r 1  99 rr rr     	sta     _game_state+62,y
000126r 1               ;
000126r 1               ; }
000126r 1               ;
000126r 1  60           L00AE:	rts
000127r 1               
000127r 1               .endproc
000127r 1               
000127r 1               ; ---------------------------------------------------------------
000127r 1               ; void __near__ one_frame (void)
000127r 1               ; ---------------------------------------------------------------
000127r 1               
000127r 1               .segment	"CODE"
000127r 1               
000127r 1               .proc	_one_frame: near
000127r 1               
000127r 1               .segment	"CODE"
000127r 1               
000127r 1               ;
000127r 1               ; for (index1 = 0; index1 < NO_ENEMIES; index1++)
000127r 1               ;
000127r 1  A9 00        	lda     #$00
000129r 1  85 rr        	sta     _index1
00012Br 1  A5 rr        L00FD:	lda     _index1
00012Dr 1  C9 1E        	cmp     #$1E
00012Fr 1  B0 0B        	bcs     L00FE
000131r 1               ;
000131r 1               ; damage_enemy();
000131r 1               ;
000131r 1  20 rr rr     	jsr     _damage_enemy
000134r 1               ;
000134r 1               ; draw_entity();
000134r 1               ;
000134r 1  20 rr rr     	jsr     _draw_entity
000137r 1               ;
000137r 1               ; for (index1 = 0; index1 < NO_ENEMIES; index1++)
000137r 1               ;
000137r 1  E6 rr        	inc     _index1
000139r 1  4C rr rr     	jmp     L00FD
00013Cr 1               ;
00013Cr 1               ; index1 = PLAYER_INDEX;
00013Cr 1               ;
00013Cr 1  A9 1E        L00FE:	lda     #$1E
00013Er 1  85 rr        	sta     _index1
000140r 1               ;
000140r 1               ; draw_entity();
000140r 1               ;
000140r 1  4C rr rr     	jmp     _draw_entity
000143r 1               
000143r 1               .endproc
000143r 1               
000143r 1               ; ---------------------------------------------------------------
000143r 1               ; void __near__ init_lookup_tables (void)
000143r 1               ; ---------------------------------------------------------------
000143r 1               
000143r 1               .segment	"CODE"
000143r 1               
000143r 1               .proc	_init_lookup_tables: near
000143r 1               
000143r 1               .segment	"BSS"
000177r 1               
000177r 1               L00C5:
000177r 1  00 00        	.res	2,$00
000179r 1               
000179r 1               .segment	"CODE"
000143r 1               
000143r 1               ;
000143r 1               ; unsigned char *screen_ptr = OS.savmsc;
000143r 1               ;
000143r 1  A5 59        	lda     $0058+1
000145r 1  8D rr rr     	sta     L00C5+1
000148r 1  A5 58        	lda     $0058
00014Ar 1  8D rr rr     	sta     L00C5
00014Dr 1               ;
00014Dr 1               ; for (index1 = 0; index1 < SCREEN_SIZE_Y; ++index1)
00014Dr 1               ;
00014Dr 1  A9 00        	lda     #$00
00014Fr 1  85 rr        	sta     _index1
000151r 1  A5 rr        L0101:	lda     _index1
000153r 1  C9 18        	cmp     #$18
000155r 1  B0 34        	bcs     L0102
000157r 1               ;
000157r 1               ; screen_line_lookup[index1] = &screen_ptr[index1 * SCREEN_SIZE_X];
000157r 1               ;
000157r 1  A2 00        	ldx     #$00
000159r 1  A5 rr        	lda     _index1
00015Br 1  0A           	asl     a
00015Cr 1  90 02        	bcc     L0100
00015Er 1  E8           	inx
00015Fr 1  18           	clc
000160r 1  69 rr        L0100:	adc     #<(_screen_line_lookup)
000162r 1  A8           	tay
000163r 1  8A           	txa
000164r 1  69 rr        	adc     #>(_screen_line_lookup)
000166r 1  AA           	tax
000167r 1  98           	tya
000168r 1  20 rr rr     	jsr     pushax
00016Br 1  AD rr rr     	lda     L00C5
00016Er 1  AE rr rr     	ldx     L00C5+1
000171r 1  20 rr rr     	jsr     pushax
000174r 1  A5 rr        	lda     _index1
000176r 1  20 rr rr     	jsr     pusha0
000179r 1  A9 28        	lda     #$28
00017Br 1  20 rr rr     	jsr     tosumula0
00017Er 1  20 rr rr     	jsr     tosaddax
000181r 1  A0 00        	ldy     #$00
000183r 1  20 rr rr     	jsr     staxspidx
000186r 1               ;
000186r 1               ; for (index1 = 0; index1 < SCREEN_SIZE_Y; ++index1)
000186r 1               ;
000186r 1  E6 rr        	inc     _index1
000188r 1  4C rr rr     	jmp     L0101
00018Br 1               ;
00018Br 1               ; for (index1 = 0; index1 < MAX_LOOKUP_VALUE; ++index1)
00018Br 1               ;
00018Br 1  A9 00        L0102:	lda     #$00
00018Dr 1  85 rr        	sta     _index1
00018Fr 1  A5 rr        L0103:	lda     _index1
000191r 1  C9 64        	cmp     #$64
000193r 1  B0 43        	bcs     L00D5
000195r 1               ;
000195r 1               ; div_10_lookup[index1] = index1/10 + FIRST_DIGIT_CHAR;
000195r 1               ;
000195r 1  A9 rr        	lda     #<(_div_10_lookup)
000197r 1  A2 rr        	ldx     #>(_div_10_lookup)
000199r 1  18           	clc
00019Ar 1  65 rr        	adc     _index1
00019Cr 1  90 01        	bcc     L00DE
00019Er 1  E8           	inx
00019Fr 1  20 rr rr     L00DE:	jsr     pushax
0001A2r 1  A5 rr        	lda     _index1
0001A4r 1  20 rr rr     	jsr     pusha0
0001A7r 1  A9 0A        	lda     #$0A
0001A9r 1  20 rr rr     	jsr     tosudiva0
0001ACr 1  18           	clc
0001ADr 1  69 10        	adc     #$10
0001AFr 1  A0 00        	ldy     #$00
0001B1r 1  20 rr rr     	jsr     staspidx
0001B4r 1               ;
0001B4r 1               ; mod_10_lookup[index1] = index1%10 + FIRST_DIGIT_CHAR;
0001B4r 1               ;
0001B4r 1  A9 rr        	lda     #<(_mod_10_lookup)
0001B6r 1  A2 rr        	ldx     #>(_mod_10_lookup)
0001B8r 1  18           	clc
0001B9r 1  65 rr        	adc     _index1
0001BBr 1  90 01        	bcc     L00E3
0001BDr 1  E8           	inx
0001BEr 1  20 rr rr     L00E3:	jsr     pushax
0001C1r 1  A5 rr        	lda     _index1
0001C3r 1  20 rr rr     	jsr     pusha0
0001C6r 1  A9 0A        	lda     #$0A
0001C8r 1  20 rr rr     	jsr     tosumoda0
0001CBr 1  18           	clc
0001CCr 1  69 10        	adc     #$10
0001CEr 1  A0 00        	ldy     #$00
0001D0r 1  20 rr rr     	jsr     staspidx
0001D3r 1               ;
0001D3r 1               ; for (index1 = 0; index1 < MAX_LOOKUP_VALUE; ++index1)
0001D3r 1               ;
0001D3r 1  E6 rr        	inc     _index1
0001D5r 1  4C rr rr     	jmp     L0103
0001D8r 1               ;
0001D8r 1               ; }
0001D8r 1               ;
0001D8r 1  60           L00D5:	rts
0001D9r 1               
0001D9r 1               .endproc
0001D9r 1               
0001D9r 1               ; ---------------------------------------------------------------
0001D9r 1               ; void __near__ main (void)
0001D9r 1               ; ---------------------------------------------------------------
0001D9r 1               
0001D9r 1               .segment	"CODE"
0001D9r 1               
0001D9r 1               .proc	_main: near
0001D9r 1               
0001D9r 1               .segment	"BSS"
000179r 1               
000179r 1               L00E7:
000179r 1  00           	.res	1,$00
00017Ar 1               
00017Ar 1               .segment	"CODE"
0001D9r 1               
0001D9r 1               ;
0001D9r 1               ; init_lookup_tables();
0001D9r 1               ;
0001D9r 1  20 rr rr     	jsr     _init_lookup_tables
0001DCr 1               ;
0001DCr 1               ; set_entities();
0001DCr 1               ;
0001DCr 1  20 rr rr     	jsr     _set_entities
0001DFr 1               ;
0001DFr 1               ; start_benchmark();
0001DFr 1               ;
0001DFr 1  20 rr rr     	jsr     _start_benchmark
0001E2r 1               ;
0001E2r 1               ; for (times = 0; times < 100; ++times)
0001E2r 1               ;
0001E2r 1  A9 00        	lda     #$00
0001E4r 1  8D rr rr     	sta     L00E7
0001E7r 1  AD rr rr     L0105:	lda     L00E7
0001EAr 1  C9 64        	cmp     #$64
0001ECr 1  B0 09        	bcs     L00EC
0001EEr 1               ;
0001EEr 1               ; one_frame();
0001EEr 1               ;
0001EEr 1  20 rr rr     	jsr     _one_frame
0001F1r 1               ;
0001F1r 1               ; for (times = 0; times < 100; ++times)
0001F1r 1               ;
0001F1r 1  EE rr rr     	inc     L00E7
0001F4r 1  4C rr rr     	jmp     L0105
0001F7r 1               ;
0001F7r 1               ; end_benchmark();
0001F7r 1               ;
0001F7r 1  20 rr rr     L00EC:	jsr     _end_benchmark
0001FAr 1               ;
0001FAr 1               ; for(;;);
0001FAr 1               ;
0001FAr 1  4C rr rr     L00F7:	jmp     L00F7
0001FDr 1               
0001FDr 1               .endproc
0001FDr 1               
0001FDr 1               
